
Showing logs for build [32mcb-kubecd-environment-pr-1354-2-c547v-1[0m stage [32mfrom-build-pack[0m and container [32mstep-credential-initializer-km65q[0m
{"level":"warn","ts":1585751062.237921,"logger":"fallback-logger","caller":"logging/config.go:69","msg":"Fetch GitHub commit ID from kodata failed: \"ref: refs/heads/0.8.0-**-support-backwards-incompats\" is not a valid GitHub commit ID"}
{"level":"info","ts":1585751062.239091,"logger":"fallback-logger","caller":"creds-init/main.go:40","msg":"Credentials initialized."}

Showing logs for build [32mcb-kubecd-environment-pr-1354-2-c547v-1[0m stage [32mfrom-build-pack[0m and container [32mstep-working-dir-initializer-gv2l4[0m
{"level":"warn","ts":1585751063.2604284,"logger":"fallback-logger","caller":"logging/config.go:69","msg":"Fetch GitHub commit ID from kodata failed: open /var/run/ko/HEAD: no such file or directory"}
{"level":"info","ts":1585751063.262745,"logger":"fallback-logger","caller":"bash/main.go:64","msg":"Successfully executed command \"sh -c mkdir -p /workspace/source\"; output "}

Showing logs for build [32mcb-kubecd-environment-pr-1354-2-c547v-1[0m stage [32mfrom-build-pack[0m and container [32mstep-place-tools[0m

Showing logs for build [32mcb-kubecd-environment-pr-1354-2-c547v-1[0m stage [32mfrom-build-pack[0m and container [32mstep-git-source-cb-kubecd-environment-pr-1354-2-c547v-7xlrc[0m
{"level":"warn","ts":1585751068.2754679,"logger":"fallback-logger","caller":"logging/config.go:69","msg":"Fetch GitHub commit ID from kodata failed: \"ref: refs/heads/0.8.0-**-support-backwards-incompats\" is not a valid GitHub commit ID"}
{"level":"info","ts":1585751069.3800147,"logger":"fallback-logger","caller":"git/git.go:103","msg":"Successfully cloned https://github.com/cb-kubecd/environment-pr-1354-2-bdd-frontend-staging.git @ master in path /workspace/source"}

Showing logs for build [32mcb-kubecd-environment-pr-1354-2-c547v-1[0m stage [32mfrom-build-pack[0m and container [32mstep-git-merge[0m
Using SHAs from PULL_REFS=master:4b504f08767e131f9e5d879b537369c6630a491c,1:a4f3ec4bab05dd53a4b6255efeb190aeeb14c987
DEBUG: LC_ALL=C JX_LOG_LEVEL=error git fetch origin --unshallow a4f3ec4bab05dd53a4b6255efeb190aeeb14c987: 4b504f08767e131f9e5d879b537369c6630a491c:
DEBUG: ran git fetch --unshallow origin a4f3ec4bab05dd53a4b6255efeb190aeeb14c987: 4b504f08767e131f9e5d879b537369c6630a491c: in 
DEBUG: LC_ALL=C JX_LOG_LEVEL=error git branch
DEBUG: LC_ALL=C JX_LOG_LEVEL=error git checkout master
DEBUG: ran git checkout master in 
DEBUG: LC_ALL=C JX_LOG_LEVEL=error git reset --hard 4b504f08767e131f9e5d879b537369c6630a491c
DEBUG: ran git reset --hard 4b504f08767e131f9e5d879b537369c6630a491c in 
DEBUG: LC_ALL=C JX_LOG_LEVEL=error git clean -fd .
DEBUG: ran clean --force -d . in 
DEBUG: LC_ALL=C JX_LOG_LEVEL=error git merge a4f3ec4bab05dd53a4b6255efeb190aeeb14c987
DEBUG: ran git merge a4f3ec4bab05dd53a4b6255efeb190aeeb14c987 in 
DEBUG: LC_ALL=C JX_LOG_LEVEL=error git log --format=%H%x1f%an%x1f%ae%x1f%cn%x1f%ce%x1f%s%n%b%x1e 4b504f08767e131f9e5d879b537369c6630a491c..HEAD
Merged SHA a4f3ec4bab05dd53a4b6255efeb190aeeb14c987 with commit message 'chore: Promote bdd-nh-1585750063 to version 0.0.1' into base branch master

Showing logs for build [32mcb-kubecd-environment-pr-1354-2-c547v-1[0m stage [32mfrom-build-pack[0m and container [32mstep-build-helm-build[0m
WARNING: No $CHART_REPOSITORY defined so using the default value of: http://jenkins-x-chartmuseum:8080
Adding missing Helm repo: storage.googleapis.com https://storage.googleapis.com/chartmuseum.jenkins-x.io
WARNING: No secrets found on "helm/repos" due: reading the secret "helm/repos" from vault: no secret "helm/repos" not found in vault
Read credentials for https://storage.googleapis.com/chartmuseum.jenkins-x.io from vault helm/repos
Successfully added Helm repository storage.googleapis.com.
Adding missing Helm repo: jenkins-x-chartmuseum http://jenkins-x-chartmuseum:8080
WARNING: No secrets found on "helm/repos" due: reading the secret "helm/repos" from vault: no secret "helm/repos" not found in vault
Read credentials for http://jenkins-x-chartmuseum:8080 from vault helm/repos
Successfully added Helm repository jenkins-x-chartmuseum.
WARNING: No $CHART_REPOSITORY defined so using the default value of: http://jenkins-x-chartmuseum:8080
Adding missing Helm repo: chartmuseum.jenkins-x.io http://chartmuseum.jenkins-x.io
WARNING: No secrets found on "helm/repos" due: reading the secret "helm/repos" from vault: no secret "helm/repos" not found in vault
Read credentials for http://chartmuseum.jenkins-x.io from vault helm/repos
Successfully added Helm repository chartmuseum.jenkins-x.io.
